# JRE version: Java(TM) SE Runtime Environment 18.9 (11.0.11+9) (build 11.0.11+9-LTS-194)
# Java VM: Java HotSpot(TM) 64-Bit Server VM 18.9 (11.0.11+9-LTS-194, mixed mode, tiered, compressed oops, g1 gc, windows-amd64)
Heap:
 garbage-first heap   total 155648K, used 61440K [0x0000000082000000, 0x0000000100000000)
  region size 1024K, 12 young (12288K), 4 survivors (4096K)
 Metaspace       used 34372K, capacity 35001K, committed 35248K, reserved 1081344K
  class space    used 3551K, capacity 3786K, committed 3840K, reserved 1048576K
GC Heap History (10 events):
Event: 2.999 GC heap before
{Heap before GC invocations=2 (full 0):
 garbage-first heap   total 129024K, used 36740K [0x0000000082000000, 0x0000000100000000)
  region size 1024K, 37 young (37888K), 10 survivors (10240K)
 Metaspace       used 20834K, capacity 21117K, committed 21296K, reserved 1069056K
  class space    used 2194K, capacity 2317K, committed 2432K, reserved 1048576K
}
Event: 3.012 GC heap after
{Heap after GC invocations=3 (full 0):
 garbage-first heap   total 129024K, used 14807K [0x0000000082000000, 0x0000000100000000)
  region size 1024K, 5 young (5120K), 5 survivors (5120K)
 Metaspace       used 20834K, capacity 21117K, committed 21296K, reserved 1069056K
  class space    used 2194K, capacity 2317K, committed 2432K, reserved 1048576K
}
Event: 5.304 GC heap before
{Heap before GC invocations=4 (full 0):
 garbage-first heap   total 129024K, used 86487K [0x0000000082000000, 0x0000000100000000)
  region size 1024K, 75 young (76800K), 5 survivors (5120K)
 Metaspace       used 21463K, capacity 21778K, committed 22064K, reserved 1069056K
  class space    used 2211K, capacity 2323K, committed 2432K, reserved 1048576K
}
Event: 5.313 GC heap after
{Heap after GC invocations=5 (full 0):
 garbage-first heap   total 129024K, used 21259K [0x0000000082000000, 0x0000000100000000)
  region size 1024K, 10 young (10240K), 10 survivors (10240K)
 Metaspace       used 21463K, capacity 21778K, committed 22064K, reserved 1069056K
  class space    used 2211K, capacity 2323K, committed 2432K, reserved 1048576K
}
Event: 6.893 GC heap before
{Heap before GC invocations=5 (full 0):
 garbage-first heap   total 129024K, used 87819K [0x0000000082000000, 0x0000000100000000)
  region size 1024K, 75 young (76800K), 10 survivors (10240K)
 Metaspace       used 24905K, capacity 25399K, committed 25520K, reserved 1073152K
  class space    used 2576K, capacity 2745K, committed 2816K, reserved 1048576K
}
Event: 6.906 GC heap after
{Heap after GC invocations=6 (full 0):
 garbage-first heap   total 129024K, used 26019K [0x0000000082000000, 0x0000000100000000)
  region size 1024K, 4 young (4096K), 4 survivors (4096K)
 Metaspace       used 24905K, capacity 25399K, committed 25520K, reserved 1073152K
  class space    used 2576K, capacity 2745K, committed 2816K, reserved 1048576K
}
Event: 7.940 GC heap before
{Heap before GC invocations=6 (full 0):
 garbage-first heap   total 129024K, used 94627K [0x0000000082000000, 0x0000000100000000)
  region size 1024K, 70 young (71680K), 4 survivors (4096K)
 Metaspace       used 31098K, capacity 31685K, committed 31920K, reserved 1077248K
  class space    used 3284K, capacity 3501K, committed 3584K, reserved 1048576K
}
Event: 7.950 GC heap after
{Heap after GC invocations=7 (full 0):
 garbage-first heap   total 155648K, used 34400K [0x0000000082000000, 0x0000000100000000)
  region size 1024K, 9 young (9216K), 9 survivors (9216K)
 Metaspace       used 31098K, capacity 31685K, committed 31920K, reserved 1077248K
  class space    used 3284K, capacity 3501K, committed 3584K, reserved 1048576K
}
Event: 9.109 GC heap before
{Heap before GC invocations=7 (full 0):
 garbage-first heap   total 155648K, used 108128K [0x0000000082000000, 0x0000000100000000)
  region size 1024K, 82 young (83968K), 9 survivors (9216K)
 Metaspace       used 32044K, capacity 32668K, committed 32688K, reserved 1079296K
  class space    used 3341K, capacity 3569K, committed 3584K, reserved 1048576K
}
Event: 9.128 GC heap after
{Heap after GC invocations=8 (full 0):
 garbage-first heap   total 155648K, used 48786K [0x0000000082000000, 0x0000000100000000)
  region size 1024K, 11 young (11264K), 11 survivors (11264K)
 Metaspace       used 32044K, capacity 32668K, committed 32688K, reserved 1079296K
  class space    used 3341K, capacity 3569K, committed 3584K, reserved 1048576K
}

