# JRE version: Java(TM) SE Runtime Environment 18.9 (11.0.11+9) (build 11.0.11+9-LTS-194)
# Java VM: Java HotSpot(TM) 64-Bit Server VM 18.9 (11.0.11+9-LTS-194, mixed mode, tiered, compressed oops, g1 gc, windows-amd64)
Heap:
 garbage-first heap   total 195584K, used 79861K [0x0000000082000000, 0x0000000100000000)
  region size 1024K, 13 young (13312K), 3 survivors (3072K)
 Metaspace       used 39723K, capacity 40665K, committed 40752K, reserved 1085440K
  class space    used 4087K, capacity 4437K, committed 4480K, reserved 1048576K
GC Heap History (10 events):
Event: 4.976 GC heap before
{Heap before GC invocations=8 (full 0):
 garbage-first heap   total 162816K, used 114688K [0x0000000082000000, 0x0000000100000000)
  region size 1024K, 76 young (77824K), 11 survivors (11264K)
 Metaspace       used 34278K, capacity 34996K, committed 35248K, reserved 1081344K
  class space    used 3551K, capacity 3786K, committed 3840K, reserved 1048576K
}
Event: 4.988 GC heap after
{Heap after GC invocations=9 (full 0):
 garbage-first heap   total 162816K, used 54272K [0x0000000082000000, 0x0000000100000000)
  region size 1024K, 5 young (5120K), 5 survivors (5120K)
 Metaspace       used 34278K, capacity 34996K, committed 35248K, reserved 1081344K
  class space    used 3551K, capacity 3786K, committed 3840K, reserved 1048576K
}
Event: 5.261 GC heap before
{Heap before GC invocations=9 (full 0):
 garbage-first heap   total 162816K, used 75776K [0x0000000082000000, 0x0000000100000000)
  region size 1024K, 27 young (27648K), 5 survivors (5120K)
 Metaspace       used 35126K, capacity 35808K, committed 35888K, reserved 1081344K
  class space    used 3637K, capacity 3905K, committed 3968K, reserved 1048576K
}
Event: 5.268 GC heap after
{Heap after GC invocations=10 (full 0):
 garbage-first heap   total 195584K, used 54396K [0x0000000082000000, 0x0000000100000000)
  region size 1024K, 5 young (5120K), 5 survivors (5120K)
 Metaspace       used 35126K, capacity 35808K, committed 35888K, reserved 1081344K
  class space    used 3637K, capacity 3905K, committed 3968K, reserved 1048576K
}
Event: 7.172 GC heap before
{Heap before GC invocations=11 (full 0):
 garbage-first heap   total 195584K, used 132220K [0x0000000082000000, 0x0000000100000000)
  region size 1024K, 80 young (81920K), 5 survivors (5120K)
 Metaspace       used 36209K, capacity 37005K, committed 37296K, reserved 1083392K
  class space    used 3732K, capacity 4049K, committed 4096K, reserved 1048576K
}
Event: 7.179 GC heap after
{Heap after GC invocations=12 (full 0):
 garbage-first heap   total 195584K, used 56515K [0x0000000082000000, 0x0000000100000000)
  region size 1024K, 7 young (7168K), 7 survivors (7168K)
 Metaspace       used 36209K, capacity 37005K, committed 37296K, reserved 1083392K
  class space    used 3732K, capacity 4049K, committed 4096K, reserved 1048576K
}
Event: 7.648 GC heap before
{Heap before GC invocations=12 (full 0):
 garbage-first heap   total 195584K, used 137411K [0x0000000082000000, 0x0000000100000000)
  region size 1024K, 86 young (88064K), 7 survivors (7168K)
 Metaspace       used 36297K, capacity 37156K, committed 37296K, reserved 1083392K
  class space    used 3735K, capacity 4055K, committed 4096K, reserved 1048576K
}
Event: 7.662 GC heap after
{Heap after GC invocations=13 (full 0):
 garbage-first heap   total 195584K, used 73489K [0x0000000082000000, 0x0000000100000000)
  region size 1024K, 11 young (11264K), 11 survivors (11264K)
 Metaspace       used 36297K, capacity 37156K, committed 37296K, reserved 1083392K
  class space    used 3735K, capacity 4055K, committed 4096K, reserved 1048576K
}
Event: 9.291 GC heap before
{Heap before GC invocations=13 (full 0):
 garbage-first heap   total 195584K, used 141073K [0x0000000082000000, 0x0000000100000000)
  region size 1024K, 78 young (79872K), 11 survivors (11264K)
 Metaspace       used 38902K, capacity 39781K, committed 39856K, reserved 1085440K
  class space    used 4010K, capacity 4333K, committed 4352K, reserved 1048576K
}
Event: 9.301 GC heap after
{Heap after GC invocations=14 (full 0):
 garbage-first heap   total 195584K, used 71669K [0x0000000082000000, 0x0000000100000000)
  region size 1024K, 3 young (3072K), 3 survivors (3072K)
 Metaspace       used 38902K, capacity 39781K, committed 39856K, reserved 1085440K
  class space    used 4010K, capacity 4333K, committed 4352K, reserved 1048576K
}

